2026-03-05 01:26:37,638 [INFO] 🔍 Pipeline Lag Monitor started — checking every 5 minutes
2026-03-05 01:26:37,638 [INFO] 🔍 Checking pipeline lag / data freshness...
2026-03-05 01:26:37,839 [WARNING] [Pipeline Lag] Stale data: Dakar (52m ago), Accra (52m ago)
2026-03-05 01:26:39,033 [INFO] Email sent: ❌ Weather Pipeline Error
2026-03-05 01:30:32,490 [INFO] 🔍 Pipeline Lag Monitor started — checking every 5 minutes
2026-03-05 01:30:32,490 [INFO] 🔍 Checking pipeline lag / data freshness...
2026-03-05 01:30:32,835 [INFO] [Pipeline Lag] All cities updated within 10 minutes ✓
2026-03-05 01:31:39,051 [INFO] 🔍 Checking pipeline lag / data freshness...
2026-03-05 01:31:39,257 [INFO] [Pipeline Lag] All cities updated within 10 minutes ✓
2026-03-05 01:35:32,865 [INFO] 🔍 Checking pipeline lag / data freshness...
2026-03-05 01:35:33,419 [INFO] [Pipeline Lag] All cities updated within 10 minutes ✓
2026-03-05 01:36:39,323 [INFO] 🔍 Checking pipeline lag / data freshness...
2026-03-05 01:36:39,554 [INFO] [Pipeline Lag] All cities updated within 10 minutes ✓
2026-03-05 01:40:33,451 [INFO] 🔍 Checking pipeline lag / data freshness...
2026-03-05 01:40:33,740 [INFO] [Pipeline Lag] All cities updated within 10 minutes ✓
2026-03-05 01:41:39,578 [INFO] 🔍 Checking pipeline lag / data freshness...
2026-03-05 01:41:39,800 [INFO] [Pipeline Lag] All cities updated within 10 minutes ✓
2026-03-05 01:45:33,761 [INFO] 🔍 Checking pipeline lag / data freshness...
2026-03-05 01:45:34,067 [WARNING] [Pipeline Lag] Stale data: Dakar (11m ago), Accra (11m ago)
2026-03-05 01:45:35,489 [INFO] Email sent: ❌ Weather Pipeline Error
2026-03-05 01:46:39,833 [INFO] 🔍 Checking pipeline lag / data freshness...
2026-03-05 01:46:40,056 [WARNING] [Pipeline Lag] Stale data: Dakar (12m ago), Accra (12m ago)
2026-03-05 01:46:41,125 [INFO] Email sent: ❌ Weather Pipeline Error
2026-03-05 01:50:35,522 [INFO] 🔍 Checking pipeline lag / data freshness...
2026-03-05 01:50:36,009 [WARNING] [Pipeline Lag] Stale data: Dakar (16m ago), Accra (16m ago)
2026-03-05 01:50:36,939 [INFO] Email sent: ❌ Weather Pipeline Error
2026-03-05 01:51:41,148 [INFO] 🔍 Checking pipeline lag / data freshness...
2026-03-05 01:51:41,340 [WARNING] [Pipeline Lag] Stale data: Dakar (17m ago), Accra (17m ago)
2026-03-05 01:51:42,381 [INFO] Email sent: ❌ Weather Pipeline Error
2026-03-05 01:56:06,923 [INFO] 🔍 Checking pipeline lag / data freshness...
2026-03-05 01:56:07,122 [CRITICAL] [Pipeline Lag] No data in current_weather table!
2026-03-05 01:56:21,756 [INFO] 🔍 Pipeline Lag Monitor started — checking every 5 minutes
2026-03-05 01:56:21,756 [INFO] 🔍 Checking pipeline lag / data freshness...
2026-03-05 01:56:21,976 [CRITICAL] 🔴 [Pipeline Lag] No data in current_weather table!
2026-03-05 01:56:42,387 [INFO] 🔍 Checking pipeline lag / data freshness...
2026-03-05 01:56:42,605 [CRITICAL] [Pipeline Lag] No data in current_weather table!
2026-03-05 02:01:07,146 [INFO] 🔍 Checking pipeline lag / data freshness...
2026-03-05 02:01:07,407 [INFO] [Pipeline Lag] All cities updated within 10 minutes ✓
2026-03-05 02:01:22,004 [INFO] 🔍 Checking pipeline lag / data freshness...
2026-03-05 02:01:22,245 [INFO] ✅ [Pipeline Lag] All cities updated within 10 minutes ✓
2026-03-05 02:01:42,641 [INFO] 🔍 Checking pipeline lag / data freshness...
2026-03-05 02:01:42,862 [INFO] [Pipeline Lag] All cities updated within 10 minutes ✓
2026-03-05 02:06:07,436 [INFO] 🔍 Checking pipeline lag / data freshness...
2026-03-05 02:06:07,680 [INFO] [Pipeline Lag] All cities updated within 10 minutes ✓
2026-03-05 02:06:22,278 [INFO] 🔍 Checking pipeline lag / data freshness...
2026-03-05 02:06:22,486 [INFO] ✅ [Pipeline Lag] All cities updated within 10 minutes ✓
2026-03-05 02:07:12,783 [INFO] 🔍 Checking pipeline lag / data freshness...
2026-03-05 02:07:12,966 [INFO] [Pipeline Lag] All cities updated within 10 minutes ✓
2026-03-05 02:11:37,579 [INFO] 🔍 Checking pipeline lag / data freshness...
2026-03-05 02:11:37,790 [INFO] [Pipeline Lag] All cities updated within 10 minutes ✓
2026-03-05 02:11:52,385 [INFO] 🔍 Checking pipeline lag / data freshness...
2026-03-05 02:11:52,561 [INFO] ✅ [Pipeline Lag] All cities updated within 10 minutes ✓
2026-03-05 02:12:12,987 [INFO] 🔍 Checking pipeline lag / data freshness...
2026-03-05 02:12:13,176 [INFO] [Pipeline Lag] All cities updated within 10 minutes ✓
2026-03-05 02:16:37,817 [INFO] 🔍 Checking pipeline lag / data freshness...
2026-03-05 02:16:38,049 [INFO] [Pipeline Lag] All cities updated within 10 minutes ✓
2026-03-05 02:16:52,632 [INFO] 🔍 Checking pipeline lag / data freshness...
2026-03-05 02:16:52,833 [INFO] ✅ [Pipeline Lag] All cities updated within 10 minutes ✓
2026-03-05 02:17:13,195 [INFO] 🔍 Checking pipeline lag / data freshness...
2026-03-05 02:17:13,419 [INFO] [Pipeline Lag] All cities updated within 10 minutes ✓
2026-03-05 02:21:38,076 [INFO] 🔍 Checking pipeline lag / data freshness...
2026-03-05 02:21:38,309 [INFO] [Pipeline Lag] All cities updated within 10 minutes ✓
2026-03-05 02:21:52,852 [INFO] 🔍 Checking pipeline lag / data freshness...
2026-03-05 02:21:53,090 [INFO] ✅ [Pipeline Lag] All cities updated within 10 minutes ✓
2026-03-05 02:22:13,444 [INFO] 🔍 Checking pipeline lag / data freshness...
2026-03-05 02:22:13,684 [INFO] [Pipeline Lag] All cities updated within 10 minutes ✓
2026-03-05 04:23:18,222 [INFO] 🔍 Checking pipeline lag / data freshness...
2026-03-05 04:23:20,118 [WARNING] ⚠️ [Pipeline Lag] Stale data: Kaduna (121m ago), Accra (121m ago), Nairobi (121m ago), Cape Town (121m ago), Johannesburg (121m ago), Cairo (121m ago), Addis Ababa (121m ago), Lagos (121m ago), Abuja (121m ago), Kano (121m ago), Ibadan (121m ago), Port Harcourt (121m ago), Benin City (121m ago), Maiduguri (121m ago), Jos (121m ago), Enugu (121m ago), Dakar (121m ago)
2026-03-05 04:23:23,083 [INFO] Email sent: ❌ Weather Pipeline Error
2026-03-05 05:23:26,315 [INFO] 🔍 Checking pipeline lag / data freshness...
2026-03-05 05:23:27,244 [WARNING] [Pipeline Lag] Stale data: Kaduna (181m ago), Accra (181m ago), Nairobi (181m ago), Cape Town (181m ago), Johannesburg (181m ago), Cairo (181m ago), Addis Ababa (181m ago), Lagos (181m ago), Abuja (181m ago), Kano (181m ago), Ibadan (181m ago), Port Harcourt (181m ago), Benin City (181m ago), Maiduguri (181m ago), Jos (181m ago), Enugu (181m ago), Dakar (181m ago)
2026-03-05 06:24:29,901 [INFO] 🔍 Checking pipeline lag / data freshness...
2026-03-05 06:24:29,901 [INFO] 🔍 Checking pipeline lag / data freshness...
2026-03-05 06:24:30,279 [INFO] Email sent: ❌ Weather Pipeline Error
2026-03-05 06:24:31,629 [WARNING] ⚠️ [Pipeline Lag] Stale data: Kaduna (242m ago), Accra (242m ago), Nairobi (242m ago), Cape Town (242m ago), Johannesburg (242m ago), Cairo (242m ago), Addis Ababa (242m ago), Lagos (242m ago), Abuja (242m ago), Kano (242m ago), Ibadan (242m ago), Port Harcourt (242m ago), Benin City (242m ago), Maiduguri (242m ago), Jos (242m ago), Enugu (242m ago), Dakar (242m ago)
2026-03-05 06:24:31,630 [WARNING] [Pipeline Lag] Stale data: Kaduna (242m ago), Accra (242m ago), Nairobi (242m ago), Cape Town (242m ago), Johannesburg (242m ago), Cairo (242m ago), Addis Ababa (242m ago), Lagos (242m ago), Abuja (242m ago), Kano (242m ago), Ibadan (242m ago), Port Harcourt (242m ago), Benin City (242m ago), Maiduguri (242m ago), Jos (242m ago), Enugu (242m ago), Dakar (242m ago)
2026-03-05 06:24:32,761 [INFO] Email sent: ❌ Weather Pipeline Error
2026-03-05 06:24:33,132 [INFO] Email sent: ❌ Weather Pipeline Error
2026-03-05 08:26:44,415 [INFO] 🔍 Checking pipeline lag / data freshness...
2026-03-05 08:26:44,414 [INFO] 🔍 Checking pipeline lag / data freshness...
2026-03-05 08:26:44,414 [INFO] 🔍 Checking pipeline lag / data freshness...
2026-03-05 08:26:45,171 [WARNING] [Pipeline Lag] Stale data: Kaduna (364m ago), Accra (364m ago), Nairobi (364m ago), Cape Town (364m ago), Johannesburg (364m ago), Cairo (364m ago), Addis Ababa (364m ago), Lagos (364m ago), Abuja (364m ago), Kano (364m ago), Ibadan (364m ago), Port Harcourt (364m ago), Benin City (364m ago), Maiduguri (364m ago), Jos (364m ago), Enugu (364m ago), Dakar (364m ago)
2026-03-05 08:26:45,171 [WARNING] ⚠️ [Pipeline Lag] Stale data: Kaduna (364m ago), Accra (364m ago), Nairobi (364m ago), Cape Town (364m ago), Johannesburg (364m ago), Cairo (364m ago), Addis Ababa (364m ago), Lagos (364m ago), Abuja (364m ago), Kano (364m ago), Ibadan (364m ago), Port Harcourt (364m ago), Benin City (364m ago), Maiduguri (364m ago), Jos (364m ago), Enugu (364m ago), Dakar (364m ago)
2026-03-05 08:26:45,173 [WARNING] [Pipeline Lag] Stale data: Kaduna (364m ago), Accra (364m ago), Nairobi (364m ago), Cape Town (364m ago), Johannesburg (364m ago), Cairo (364m ago), Addis Ababa (364m ago), Lagos (364m ago), Abuja (364m ago), Kano (364m ago), Ibadan (364m ago), Port Harcourt (364m ago), Benin City (364m ago), Maiduguri (364m ago), Jos (364m ago), Enugu (364m ago), Dakar (364m ago)
2026-03-05 08:26:47,230 [INFO] Email sent: ❌ Weather Pipeline Error
2026-03-05 08:26:47,464 [INFO] Email sent: ❌ Weather Pipeline Error
2026-03-05 08:26:47,942 [INFO] Email sent: ❌ Weather Pipeline Error
2026-03-05 10:23:58,084 [INFO] 🔍 Checking pipeline lag / data freshness...
2026-03-05 10:23:58,316 [INFO] 🔍 Checking pipeline lag / data freshness...
2026-03-05 10:23:58,577 [WARNING] ⚠️ [Pipeline Lag] Stale data: Kaduna (482m ago), Accra (482m ago), Nairobi (482m ago), Cape Town (482m ago), Johannesburg (482m ago), Cairo (482m ago), Addis Ababa (482m ago), Lagos (482m ago), Abuja (482m ago), Kano (482m ago), Ibadan (482m ago), Port Harcourt (482m ago), Benin City (482m ago), Maiduguri (482m ago), Jos (482m ago), Enugu (482m ago), Dakar (482m ago)
2026-03-05 10:23:58,577 [WARNING] [Pipeline Lag] Stale data: Kaduna (482m ago), Accra (482m ago), Nairobi (482m ago), Cape Town (482m ago), Johannesburg (482m ago), Cairo (482m ago), Addis Ababa (482m ago), Lagos (482m ago), Abuja (482m ago), Kano (482m ago), Ibadan (482m ago), Port Harcourt (482m ago), Benin City (482m ago), Maiduguri (482m ago), Jos (482m ago), Enugu (482m ago), Dakar (482m ago)
2026-03-05 10:23:58,784 [INFO] 🔍 Checking pipeline lag / data freshness...
2026-03-05 10:24:33,227 [WARNING] [Pipeline Lag] Stale data: Kaduna (482m ago), Accra (482m ago), Nairobi (482m ago), Cape Town (482m ago), Johannesburg (482m ago), Cairo (482m ago), Addis Ababa (482m ago), Lagos (482m ago), Abuja (482m ago), Kano (482m ago), Ibadan (482m ago), Port Harcourt (482m ago), Benin City (482m ago), Maiduguri (482m ago), Jos (482m ago), Enugu (482m ago), Dakar (482m ago)
2026-03-05 10:24:34,464 [INFO] Email sent: ❌ Weather Pipeline Error
2026-03-05 10:24:34,646 [INFO] Email sent: ❌ Weather Pipeline Error
2026-03-05 10:24:36,348 [INFO] Email sent: ❌ Weather Pipeline Error
2026-03-05 10:27:08,217 [INFO] 🔍 Pipeline Lag Monitor started — checking every 5 minutes
2026-03-05 10:27:08,217 [INFO] 🔍 Checking pipeline lag / data freshness...
2026-03-05 10:27:08,416 [WARNING] ⚠️ [Pipeline Lag] Stale data: Kaduna (485m ago), Accra (485m ago), Nairobi (485m ago), Cape Town (485m ago), Johannesburg (485m ago), Cairo (485m ago), Addis Ababa (485m ago), Lagos (485m ago), Abuja (485m ago), Kano (485m ago), Ibadan (485m ago), Port Harcourt (485m ago), Benin City (485m ago), Maiduguri (485m ago), Jos (485m ago), Enugu (485m ago), Dakar (485m ago)
2026-03-05 10:27:09,481 [INFO] Email sent: ❌ Weather Pipeline Error
2026-03-05 10:29:34,494 [INFO] 🔍 Checking pipeline lag / data freshness...
2026-03-05 10:29:34,674 [INFO] 🔍 Checking pipeline lag / data freshness...
2026-03-05 10:29:34,750 [INFO] ✅ [Pipeline Lag] All cities updated within 10 minutes ✓
2026-03-05 10:29:34,932 [INFO] [Pipeline Lag] All cities updated within 10 minutes ✓
2026-03-05 10:29:36,410 [INFO] 🔍 Checking pipeline lag / data freshness...
2026-03-05 10:29:36,651 [INFO] [Pipeline Lag] All cities updated within 10 minutes ✓
2026-03-05 10:32:09,534 [INFO] 🔍 Checking pipeline lag / data freshness...
2026-03-05 10:32:09,767 [INFO] ✅ [Pipeline Lag] All cities updated within 10 minutes ✓
2026-03-05 10:52:03,709 [INFO] 🔍 Checking pipeline lag / data freshness...
2026-03-05 10:52:03,889 [WARNING] ⚠️ [Pipeline Lag] Stale data: Kaduna (18m ago), Accra (18m ago), Nairobi (18m ago), Cape Town (18m ago), Johannesburg (18m ago), Cairo (18m ago), Addis Ababa (18m ago), Dakar (18m ago), Lagos (18m ago), Abuja (18m ago), Kano (18m ago), Ibadan (18m ago), Port Harcourt (18m ago), Benin City (18m ago), Maiduguri (18m ago), Jos (18m ago), Enugu (18m ago)
2026-03-05 10:52:03,891 [INFO] 🔍 Checking pipeline lag / data freshness...
2026-03-05 10:52:04,090 [WARNING] [Pipeline Lag] Stale data: Kaduna (18m ago), Accra (18m ago), Nairobi (18m ago), Cape Town (18m ago), Johannesburg (18m ago), Cairo (18m ago), Addis Ababa (18m ago), Dakar (18m ago), Lagos (18m ago), Abuja (18m ago), Kano (18m ago), Ibadan (18m ago), Port Harcourt (18m ago), Benin City (18m ago), Maiduguri (18m ago), Jos (18m ago), Enugu (18m ago)
2026-03-05 10:52:04,927 [INFO] Email sent: ❌ Weather Pipeline Error
2026-03-05 10:52:05,276 [INFO] Email sent: ❌ Weather Pipeline Error
2026-03-05 10:52:05,608 [INFO] 🔍 Checking pipeline lag / data freshness...
2026-03-05 10:52:05,842 [WARNING] [Pipeline Lag] Stale data: Kaduna (18m ago), Accra (18m ago), Nairobi (18m ago), Cape Town (18m ago), Johannesburg (18m ago), Cairo (18m ago), Addis Ababa (18m ago), Dakar (18m ago), Lagos (18m ago), Abuja (18m ago), Kano (18m ago), Ibadan (18m ago), Port Harcourt (18m ago), Benin City (18m ago), Maiduguri (18m ago), Jos (18m ago), Enugu (18m ago)
2026-03-05 10:52:06,799 [INFO] Email sent: ❌ Weather Pipeline Error
2026-03-05 10:52:08,707 [INFO] 🔍 Checking pipeline lag / data freshness...
2026-03-05 10:52:08,899 [WARNING] ⚠️ [Pipeline Lag] Stale data: Kaduna (18m ago), Accra (18m ago), Nairobi (18m ago), Cape Town (18m ago), Johannesburg (18m ago), Cairo (18m ago), Addis Ababa (18m ago), Dakar (18m ago), Lagos (18m ago), Abuja (18m ago), Kano (18m ago), Ibadan (18m ago), Port Harcourt (18m ago), Benin City (18m ago), Maiduguri (18m ago), Jos (18m ago), Enugu (18m ago)
2026-03-05 10:52:09,971 [INFO] Email sent: ❌ Weather Pipeline Error
2026-03-05 10:57:04,956 [INFO] 🔍 Checking pipeline lag / data freshness...
2026-03-05 10:57:05,197 [INFO] ✅ [Pipeline Lag] All cities updated within 10 minutes ✓
2026-03-05 10:57:05,299 [INFO] 🔍 Checking pipeline lag / data freshness...
2026-03-05 10:57:05,577 [INFO] [Pipeline Lag] All cities updated within 10 minutes ✓
2026-03-05 10:57:06,827 [INFO] 🔍 Checking pipeline lag / data freshness...
2026-03-05 10:57:07,073 [INFO] [Pipeline Lag] All cities updated within 10 minutes ✓
2026-03-05 10:57:09,986 [INFO] 🔍 Checking pipeline lag / data freshness...
2026-03-05 10:57:10,189 [INFO] ✅ [Pipeline Lag] All cities updated within 10 minutes ✓
2026-03-05 11:02:05,223 [INFO] 🔍 Checking pipeline lag / data freshness...
2026-03-05 11:02:05,454 [INFO] ✅ [Pipeline Lag] All cities updated within 10 minutes ✓
2026-03-05 11:02:05,653 [INFO] 🔍 Checking pipeline lag / data freshness...
2026-03-05 11:02:05,932 [INFO] [Pipeline Lag] All cities updated within 10 minutes ✓
2026-03-05 11:02:07,104 [INFO] 🔍 Checking pipeline lag / data freshness...
2026-03-05 11:02:07,385 [INFO] [Pipeline Lag] All cities updated within 10 minutes ✓
2026-03-05 11:02:10,232 [INFO] 🔍 Checking pipeline lag / data freshness...
2026-03-05 11:02:10,449 [INFO] ✅ [Pipeline Lag] All cities updated within 10 minutes ✓
2026-03-05 11:07:05,488 [INFO] 🔍 Checking pipeline lag / data freshness...
2026-03-05 11:07:05,973 [INFO] 🔍 Checking pipeline lag / data freshness...
2026-03-05 11:07:05,990 [INFO] ✅ [Pipeline Lag] All cities updated within 10 minutes ✓
2026-03-05 11:07:06,227 [INFO] [Pipeline Lag] All cities updated within 10 minutes ✓
2026-03-05 11:07:07,421 [INFO] 🔍 Checking pipeline lag / data freshness...
2026-03-05 11:07:07,654 [INFO] [Pipeline Lag] All cities updated within 10 minutes ✓
2026-03-05 11:07:10,505 [INFO] 🔍 Checking pipeline lag / data freshness...
2026-03-05 11:07:10,786 [INFO] ✅ [Pipeline Lag] All cities updated within 10 minutes ✓
2026-03-05 11:12:06,020 [INFO] 🔍 Checking pipeline lag / data freshness...
2026-03-05 11:12:06,241 [INFO] ✅ [Pipeline Lag] All cities updated within 10 minutes ✓
2026-03-05 11:12:06,256 [INFO] 🔍 Checking pipeline lag / data freshness...
2026-03-05 11:12:06,516 [INFO] [Pipeline Lag] All cities updated within 10 minutes ✓
2026-03-05 11:12:07,690 [INFO] 🔍 Checking pipeline lag / data freshness...
2026-03-05 11:12:07,953 [INFO] [Pipeline Lag] All cities updated within 10 minutes ✓
2026-03-05 11:12:10,822 [INFO] 🔍 Checking pipeline lag / data freshness...
2026-03-05 11:12:11,127 [INFO] ✅ [Pipeline Lag] All cities updated within 10 minutes ✓
2026-03-05 11:19:25,364 [INFO] 🔍 Checking pipeline lag / data freshness...
2026-03-05 11:19:25,569 [INFO] ✅ [Pipeline Lag] All cities updated within 10 minutes ✓
2026-03-05 11:19:25,636 [INFO] 🔍 Checking pipeline lag / data freshness...
2026-03-05 11:19:26,160 [INFO] [Pipeline Lag] All cities updated within 10 minutes ✓
2026-03-05 11:19:27,076 [INFO] 🔍 Checking pipeline lag / data freshness...
2026-03-05 11:19:27,859 [INFO] [Pipeline Lag] All cities updated within 10 minutes ✓
2026-03-05 11:19:30,254 [INFO] 🔍 Checking pipeline lag / data freshness...
2026-03-05 11:19:30,849 [INFO] ✅ [Pipeline Lag] All cities updated within 10 minutes ✓
2026-03-05 11:25:12,305 [INFO] 🔍 Checking pipeline lag / data freshness...
2026-03-05 11:25:12,896 [INFO] 🔍 Checking pipeline lag / data freshness...
2026-03-05 11:25:12,935 [INFO] ✅ [Pipeline Lag] All cities updated within 10 minutes ✓
2026-03-05 11:25:13,716 [INFO] [Pipeline Lag] All cities updated within 10 minutes ✓
2026-03-05 11:25:14,589 [INFO] 🔍 Checking pipeline lag / data freshness...
2026-03-05 11:25:14,950 [INFO] [Pipeline Lag] All cities updated within 10 minutes ✓
2026-03-05 11:25:17,586 [INFO] 🔍 Checking pipeline lag / data freshness...
2026-03-05 11:25:18,330 [INFO] ✅ [Pipeline Lag] All cities updated within 10 minutes ✓
2026-03-05 11:30:12,958 [INFO] 🔍 Checking pipeline lag / data freshness...
2026-03-05 11:30:13,186 [INFO] ✅ [Pipeline Lag] All cities updated within 10 minutes ✓
2026-03-05 11:30:13,739 [INFO] 🔍 Checking pipeline lag / data freshness...
2026-03-05 11:30:13,953 [INFO] [Pipeline Lag] All cities updated within 10 minutes ✓
2026-03-05 11:30:15,009 [INFO] 🔍 Checking pipeline lag / data freshness...
2026-03-05 11:30:15,216 [INFO] [Pipeline Lag] All cities updated within 10 minutes ✓
2026-03-05 11:30:18,352 [INFO] 🔍 Checking pipeline lag / data freshness...
2026-03-05 11:30:18,561 [INFO] ✅ [Pipeline Lag] All cities updated within 10 minutes ✓
2026-03-05 11:35:13,220 [INFO] 🔍 Checking pipeline lag / data freshness...
2026-03-05 11:35:13,448 [INFO] ✅ [Pipeline Lag] All cities updated within 10 minutes ✓
2026-03-05 11:35:13,978 [INFO] 🔍 Checking pipeline lag / data freshness...
2026-03-05 11:35:14,172 [INFO] [Pipeline Lag] All cities updated within 10 minutes ✓
2026-03-05 11:35:15,249 [INFO] 🔍 Checking pipeline lag / data freshness...
2026-03-05 11:35:15,449 [INFO] [Pipeline Lag] All cities updated within 10 minutes ✓
2026-03-05 11:35:18,588 [INFO] 🔍 Checking pipeline lag / data freshness...
2026-03-05 11:35:18,825 [INFO] ✅ [Pipeline Lag] All cities updated within 10 minutes ✓
2026-03-05 11:40:13,477 [INFO] 🔍 Checking pipeline lag / data freshness...
2026-03-05 11:40:13,667 [INFO] ✅ [Pipeline Lag] All cities updated within 10 minutes ✓
2026-03-05 11:40:14,213 [INFO] 🔍 Checking pipeline lag / data freshness...
2026-03-05 11:40:14,428 [INFO] [Pipeline Lag] All cities updated within 10 minutes ✓
2026-03-05 11:40:15,476 [INFO] 🔍 Checking pipeline lag / data freshness...
2026-03-05 11:40:15,657 [INFO] [Pipeline Lag] All cities updated within 10 minutes ✓
2026-03-05 11:40:18,838 [INFO] 🔍 Checking pipeline lag / data freshness...
2026-03-05 11:40:19,065 [INFO] ✅ [Pipeline Lag] All cities updated within 10 minutes ✓
2026-03-05 11:45:13,737 [INFO] 🔍 Checking pipeline lag / data freshness...
2026-03-05 11:45:13,963 [INFO] ✅ [Pipeline Lag] All cities updated within 10 minutes ✓
2026-03-05 11:45:14,508 [INFO] 🔍 Checking pipeline lag / data freshness...
2026-03-05 11:45:14,749 [INFO] [Pipeline Lag] All cities updated within 10 minutes ✓
2026-03-05 11:45:15,737 [INFO] 🔍 Checking pipeline lag / data freshness...
2026-03-05 11:45:16,012 [INFO] [Pipeline Lag] All cities updated within 10 minutes ✓
2026-03-05 11:45:19,214 [INFO] 🔍 Checking pipeline lag / data freshness...
2026-03-05 11:45:19,535 [INFO] ✅ [Pipeline Lag] All cities updated within 10 minutes ✓
2026-03-05 11:50:13,998 [INFO] 🔍 Checking pipeline lag / data freshness...
2026-03-05 11:50:14,384 [INFO] ✅ [Pipeline Lag] All cities updated within 10 minutes ✓
2026-03-05 11:50:14,789 [INFO] 🔍 Checking pipeline lag / data freshness...
2026-03-05 11:50:15,006 [INFO] [Pipeline Lag] All cities updated within 10 minutes ✓
2026-03-05 11:50:16,042 [INFO] 🔍 Checking pipeline lag / data freshness...
2026-03-05 11:50:16,253 [INFO] [Pipeline Lag] All cities updated within 10 minutes ✓
2026-03-05 11:50:19,565 [INFO] 🔍 Checking pipeline lag / data freshness...
2026-03-05 11:50:19,829 [INFO] ✅ [Pipeline Lag] All cities updated within 10 minutes ✓
2026-03-05 11:55:40,957 [INFO] 🔍 Checking pipeline lag / data freshness...
2026-03-05 11:55:41,222 [INFO] ✅ [Pipeline Lag] All cities updated within 10 minutes ✓
2026-03-05 11:55:41,573 [INFO] 🔍 Checking pipeline lag / data freshness...
2026-03-05 11:55:41,814 [INFO] [Pipeline Lag] All cities updated within 10 minutes ✓
2026-03-05 11:55:42,829 [INFO] 🔍 Checking pipeline lag / data freshness...
2026-03-05 11:55:43,019 [INFO] [Pipeline Lag] All cities updated within 10 minutes ✓
2026-03-05 11:55:46,397 [INFO] 🔍 Checking pipeline lag / data freshness...
2026-03-05 11:55:46,601 [INFO] ✅ [Pipeline Lag] All cities updated within 10 minutes ✓
2026-03-05 12:10:01,931 [INFO] 🔍 Checking pipeline lag / data freshness...
2026-03-05 12:10:02,208 [WARNING] ⚠️ [Pipeline Lag] Stale data: Kaduna (22m ago), Accra (22m ago), Nairobi (22m ago), Cape Town (22m ago), Johannesburg (22m ago), Cairo (22m ago), Addis Ababa (22m ago), Dakar (22m ago), Lagos (22m ago), Abuja (22m ago), Kano (22m ago), Ibadan (22m ago), Port Harcourt (22m ago), Benin City (22m ago), Maiduguri (22m ago), Jos (22m ago), Enugu (22m ago)
2026-03-05 12:10:02,528 [INFO] 🔍 Checking pipeline lag / data freshness...
2026-03-05 12:10:02,711 [WARNING] [Pipeline Lag] Stale data: Kaduna (22m ago), Accra (22m ago), Nairobi (22m ago), Cape Town (22m ago), Johannesburg (22m ago), Cairo (22m ago), Addis Ababa (22m ago), Dakar (22m ago), Lagos (22m ago), Abuja (22m ago), Kano (22m ago), Ibadan (22m ago), Port Harcourt (22m ago), Benin City (22m ago), Maiduguri (22m ago), Jos (22m ago), Enugu (22m ago)
2026-03-05 12:10:03,433 [INFO] Email sent: ❌ Weather Pipeline Error
2026-03-05 12:10:03,738 [INFO] 🔍 Checking pipeline lag / data freshness...
2026-03-05 12:10:03,951 [INFO] Email sent: ❌ Weather Pipeline Error
2026-03-05 12:10:03,957 [WARNING] [Pipeline Lag] Stale data: Kaduna (22m ago), Accra (22m ago), Nairobi (22m ago), Cape Town (22m ago), Johannesburg (22m ago), Cairo (22m ago), Addis Ababa (22m ago), Dakar (22m ago), Lagos (22m ago), Abuja (22m ago), Kano (22m ago), Ibadan (22m ago), Port Harcourt (22m ago), Benin City (22m ago), Maiduguri (22m ago), Jos (22m ago), Enugu (22m ago)
2026-03-05 12:10:04,946 [INFO] Email sent: ❌ Weather Pipeline Error
2026-03-05 12:10:07,319 [INFO] 🔍 Checking pipeline lag / data freshness...
2026-03-05 12:10:07,519 [WARNING] ⚠️ [Pipeline Lag] Stale data: Kaduna (22m ago), Accra (22m ago), Nairobi (22m ago), Cape Town (22m ago), Johannesburg (22m ago), Cairo (22m ago), Addis Ababa (22m ago), Dakar (22m ago), Lagos (22m ago), Abuja (22m ago), Kano (22m ago), Ibadan (22m ago), Port Harcourt (22m ago), Benin City (22m ago), Maiduguri (22m ago), Jos (22m ago), Enugu (22m ago)
2026-03-05 12:10:08,846 [INFO] Email sent: ❌ Weather Pipeline Error
2026-03-05 12:15:03,471 [INFO] 🔍 Checking pipeline lag / data freshness...
2026-03-05 12:15:03,766 [WARNING] ⚠️ [Pipeline Lag] Stale data: Kaduna (27m ago), Accra (27m ago), Nairobi (27m ago), Cape Town (27m ago), Johannesburg (27m ago), Cairo (27m ago), Addis Ababa (27m ago), Dakar (27m ago), Lagos (27m ago), Abuja (27m ago), Kano (27m ago), Ibadan (27m ago), Port Harcourt (27m ago), Benin City (27m ago), Maiduguri (27m ago), Jos (27m ago), Enugu (27m ago)
2026-03-05 12:15:03,980 [INFO] 🔍 Checking pipeline lag / data freshness...
2026-03-05 12:15:04,164 [WARNING] [Pipeline Lag] Stale data: Kaduna (27m ago), Accra (27m ago), Nairobi (27m ago), Cape Town (27m ago), Johannesburg (27m ago), Cairo (27m ago), Addis Ababa (27m ago), Dakar (27m ago), Lagos (27m ago), Abuja (27m ago), Kano (27m ago), Ibadan (27m ago), Port Harcourt (27m ago), Benin City (27m ago), Maiduguri (27m ago), Jos (27m ago), Enugu (27m ago)
2026-03-05 12:15:04,835 [INFO] Email sent: ❌ Weather Pipeline Error
2026-03-05 12:15:04,976 [INFO] 🔍 Checking pipeline lag / data freshness...
2026-03-05 12:15:05,156 [WARNING] [Pipeline Lag] Stale data: Kaduna (27m ago), Accra (27m ago), Nairobi (27m ago), Cape Town (27m ago), Johannesburg (27m ago), Cairo (27m ago), Addis Ababa (27m ago), Dakar (27m ago), Lagos (27m ago), Abuja (27m ago), Kano (27m ago), Ibadan (27m ago), Port Harcourt (27m ago), Benin City (27m ago), Maiduguri (27m ago), Jos (27m ago), Enugu (27m ago)
2026-03-05 12:15:05,266 [INFO] Email sent: ❌ Weather Pipeline Error
2026-03-05 12:15:06,151 [INFO] Email sent: ❌ Weather Pipeline Error
2026-03-05 12:15:08,876 [INFO] 🔍 Checking pipeline lag / data freshness...
2026-03-05 12:15:09,083 [WARNING] ⚠️ [Pipeline Lag] Stale data: Kaduna (28m ago), Accra (28m ago), Nairobi (28m ago), Cape Town (28m ago), Johannesburg (28m ago), Cairo (28m ago), Addis Ababa (28m ago), Dakar (28m ago), Lagos (28m ago), Abuja (28m ago), Kano (28m ago), Ibadan (28m ago), Port Harcourt (28m ago), Benin City (28m ago), Maiduguri (28m ago), Jos (28m ago), Enugu (28m ago)
2026-03-05 12:15:10,114 [INFO] Email sent: ❌ Weather Pipeline Error
2026-03-05 12:20:04,852 [INFO] 🔍 Checking pipeline lag / data freshness...
2026-03-05 12:20:05,284 [INFO] 🔍 Checking pipeline lag / data freshness...
2026-03-05 12:20:05,418 [WARNING] ⚠️ [Pipeline Lag] Stale data: Kaduna (32m ago), Accra (32m ago), Nairobi (32m ago), Cape Town (32m ago), Johannesburg (32m ago), Cairo (32m ago), Addis Ababa (32m ago), Dakar (32m ago), Lagos (32m ago), Abuja (32m ago), Kano (32m ago), Ibadan (32m ago), Port Harcourt (32m ago), Benin City (32m ago), Maiduguri (32m ago), Jos (32m ago), Enugu (32m ago)
2026-03-05 12:20:05,487 [WARNING] [Pipeline Lag] Stale data: Kaduna (32m ago), Accra (32m ago), Nairobi (32m ago), Cape Town (32m ago), Johannesburg (32m ago), Cairo (32m ago), Addis Ababa (32m ago), Dakar (32m ago), Lagos (32m ago), Abuja (32m ago), Kano (32m ago), Ibadan (32m ago), Port Harcourt (32m ago), Benin City (32m ago), Maiduguri (32m ago), Jos (32m ago), Enugu (32m ago)
2026-03-05 12:20:06,178 [INFO] 🔍 Checking pipeline lag / data freshness...
2026-03-05 12:20:06,361 [WARNING] [Pipeline Lag] Stale data: Kaduna (32m ago), Accra (32m ago), Nairobi (32m ago), Cape Town (32m ago), Johannesburg (32m ago), Cairo (32m ago), Addis Ababa (32m ago), Dakar (32m ago), Lagos (32m ago), Abuja (32m ago), Kano (32m ago), Ibadan (32m ago), Port Harcourt (32m ago), Benin City (32m ago), Maiduguri (32m ago), Jos (32m ago), Enugu (32m ago)
2026-03-05 12:20:06,476 [INFO] Email sent: ❌ Weather Pipeline Error
2026-03-05 12:20:06,668 [INFO] Email sent: ❌ Weather Pipeline Error
2026-03-05 12:20:07,381 [INFO] Email sent: ❌ Weather Pipeline Error
2026-03-05 12:20:10,141 [INFO] 🔍 Checking pipeline lag / data freshness...
2026-03-05 12:20:10,355 [WARNING] ⚠️ [Pipeline Lag] Stale data: Kaduna (33m ago), Accra (33m ago), Nairobi (33m ago), Cape Town (33m ago), Johannesburg (33m ago), Cairo (33m ago), Addis Ababa (33m ago), Dakar (33m ago), Lagos (33m ago), Abuja (33m ago), Kano (33m ago), Ibadan (33m ago), Port Harcourt (33m ago), Benin City (33m ago), Maiduguri (33m ago), Jos (33m ago), Enugu (33m ago)
2026-03-05 12:20:11,573 [INFO] Email sent: ❌ Weather Pipeline Error
2026-03-05 12:25:06,581 [INFO] 🔍 Checking pipeline lag / data freshness...
2026-03-05 12:25:06,783 [INFO] 🔍 Checking pipeline lag / data freshness...
2026-03-05 12:25:07,041 [WARNING] ⚠️ [Pipeline Lag] Stale data: Kaduna (37m ago), Accra (37m ago), Nairobi (37m ago), Cape Town (37m ago), Johannesburg (37m ago), Cairo (37m ago), Addis Ababa (37m ago), Dakar (37m ago), Lagos (37m ago), Abuja (37m ago), Kano (37m ago), Ibadan (37m ago), Port Harcourt (37m ago), Benin City (37m ago), Maiduguri (37m ago), Jos (37m ago), Enugu (37m ago)
2026-03-05 12:25:07,077 [WARNING] [Pipeline Lag] Stale data: Kaduna (37m ago), Accra (37m ago), Nairobi (37m ago), Cape Town (37m ago), Johannesburg (37m ago), Cairo (37m ago), Addis Ababa (37m ago), Dakar (37m ago), Lagos (37m ago), Abuja (37m ago), Kano (37m ago), Ibadan (37m ago), Port Harcourt (37m ago), Benin City (37m ago), Maiduguri (37m ago), Jos (37m ago), Enugu (37m ago)
2026-03-05 12:25:07,485 [INFO] 🔍 Checking pipeline lag / data freshness...
2026-03-05 12:25:07,685 [WARNING] [Pipeline Lag] Stale data: Kaduna (37m ago), Accra (37m ago), Nairobi (37m ago), Cape Town (37m ago), Johannesburg (37m ago), Cairo (37m ago), Addis Ababa (37m ago), Dakar (37m ago), Lagos (37m ago), Abuja (37m ago), Kano (37m ago), Ibadan (37m ago), Port Harcourt (37m ago), Benin City (37m ago), Maiduguri (37m ago), Jos (37m ago), Enugu (37m ago)
2026-03-05 12:25:08,052 [INFO] Email sent: ❌ Weather Pipeline Error
2026-03-05 12:25:08,240 [INFO] Email sent: ❌ Weather Pipeline Error
2026-03-05 12:25:08,794 [INFO] Email sent: ❌ Weather Pipeline Error
2026-03-05 12:25:11,688 [INFO] 🔍 Checking pipeline lag / data freshness...
2026-03-05 12:25:11,890 [WARNING] ⚠️ [Pipeline Lag] Stale data: Kaduna (38m ago), Accra (38m ago), Nairobi (38m ago), Cape Town (38m ago), Johannesburg (38m ago), Cairo (38m ago), Addis Ababa (38m ago), Dakar (38m ago), Lagos (38m ago), Abuja (38m ago), Kano (38m ago), Ibadan (38m ago), Port Harcourt (38m ago), Benin City (38m ago), Maiduguri (38m ago), Jos (38m ago), Enugu (38m ago)
2026-03-05 12:25:12,925 [INFO] Email sent: ❌ Weather Pipeline Error
2026-03-05 12:33:21,585 [INFO] 🔍 Pipeline Lag Monitor started — checking every 5 minutes
2026-03-05 12:33:21,586 [INFO] 🔍 Checking pipeline lag / data freshness...
2026-03-05 12:33:21,831 [WARNING] ⚠️ [Pipeline Lag] Stale data: Kaduna (46m ago), Accra (46m ago), Nairobi (46m ago), Cape Town (46m ago), Johannesburg (46m ago), Cairo (46m ago), Addis Ababa (46m ago), Dakar (46m ago), Lagos (46m ago), Abuja (46m ago), Kano (46m ago), Ibadan (46m ago), Port Harcourt (46m ago), Benin City (46m ago), Maiduguri (46m ago), Jos (46m ago), Enugu (46m ago)
2026-03-05 12:33:22,853 [INFO] Email sent: ❌ Weather Pipeline Error
2026-03-05 12:38:22,882 [INFO] 🔍 Checking pipeline lag / data freshness...
2026-03-05 12:38:23,040 [WARNING] ⚠️ [Pipeline Lag] Stale data: Kaduna (51m ago), Accra (51m ago), Nairobi (51m ago), Cape Town (51m ago), Johannesburg (51m ago), Cairo (51m ago), Addis Ababa (51m ago), Dakar (51m ago), Lagos (51m ago), Abuja (51m ago), Kano (51m ago), Ibadan (51m ago), Port Harcourt (51m ago), Benin City (51m ago), Maiduguri (51m ago), Jos (51m ago), Enugu (51m ago)
2026-03-05 12:38:24,100 [INFO] Email sent: ❌ Weather Pipeline Error
2026-03-05 12:39:07,130 [INFO] 🔍 Pipeline Lag Monitor started — checking every 5 minutes
2026-03-05 12:39:07,130 [INFO] 🔍 Checking pipeline lag / data freshness...
2026-03-05 12:39:07,350 [WARNING] ⚠️ [Pipeline Lag] Stale data: Kaduna (51m ago), Accra (51m ago), Nairobi (51m ago), Cape Town (51m ago), Johannesburg (51m ago), Cairo (51m ago), Addis Ababa (51m ago), Dakar (51m ago), Lagos (51m ago), Abuja (51m ago), Kano (51m ago), Ibadan (51m ago), Port Harcourt (51m ago), Benin City (51m ago), Maiduguri (51m ago), Jos (51m ago), Enugu (51m ago)
2026-03-05 12:39:08,360 [INFO] Email sent: ❌ Weather Pipeline Error
2026-03-05 12:43:24,163 [INFO] 🔍 Checking pipeline lag / data freshness...
2026-03-05 12:43:24,369 [INFO] ✅ [Pipeline Lag] All cities updated within 10 minutes ✓
2026-03-05 12:44:08,395 [INFO] 🔍 Checking pipeline lag / data freshness...
2026-03-05 12:44:08,661 [INFO] ✅ [Pipeline Lag] All cities updated within 10 minutes ✓
2026-03-05 12:49:26,325 [INFO] 🔍 Pipeline Lag Monitor started — checking every 5 minutes
2026-03-05 12:49:26,326 [INFO] 🔍 Checking pipeline lag / data freshness...
2026-03-05 12:49:26,610 [INFO] ✅ [Pipeline Lag] All cities updated within 10 minutes ✓
2026-03-05 12:54:26,593 [INFO] 🔍 Checking pipeline lag / data freshness...
2026-03-05 12:54:26,835 [INFO] ✅ [Pipeline Lag] All cities updated within 10 minutes ✓
2026-03-05 12:59:26,875 [INFO] 🔍 Checking pipeline lag / data freshness...
2026-03-05 12:59:27,123 [INFO] ✅ [Pipeline Lag] All cities updated within 10 minutes ✓
2026-03-05 13:02:12,812 [INFO] 🔍 Pipeline Lag Monitor started — checking every 5 minutes
2026-03-05 13:02:12,813 [INFO] 🔍 Checking pipeline lag / data freshness...
2026-03-05 13:02:13,099 [INFO] ✅ [Pipeline Lag] All cities updated within 10 minutes ✓
2026-03-05 13:04:27,155 [INFO] 🔍 Checking pipeline lag / data freshness...
2026-03-05 13:04:27,370 [INFO] ✅ [Pipeline Lag] All cities updated within 10 minutes ✓
2026-03-05 13:07:13,155 [INFO] 🔍 Checking pipeline lag / data freshness...
2026-03-05 13:07:13,346 [INFO] ✅ [Pipeline Lag] All cities updated within 10 minutes ✓
2026-03-05 13:09:27,406 [INFO] 🔍 Checking pipeline lag / data freshness...
2026-03-05 13:09:27,614 [INFO] ✅ [Pipeline Lag] All cities updated within 10 minutes ✓
2026-03-05 13:12:13,383 [INFO] 🔍 Checking pipeline lag / data freshness...
2026-03-05 13:12:13,619 [INFO] ✅ [Pipeline Lag] All cities updated within 10 minutes ✓
2026-03-05 13:14:27,630 [INFO] 🔍 Checking pipeline lag / data freshness...
2026-03-05 13:14:27,879 [INFO] ✅ [Pipeline Lag] All cities updated within 10 minutes ✓
2026-03-05 13:23:03,942 [INFO] 🔍 Pipeline Lag Monitor started — checking every 5 minutes
2026-03-05 13:23:03,943 [INFO] 🔍 Checking pipeline lag / data freshness...
2026-03-05 13:23:04,168 [CRITICAL] 🔴 [Pipeline Lag] No data in current_weather table!
2026-03-05 13:28:04,205 [INFO] 🔍 Checking pipeline lag / data freshness...
2026-03-05 13:28:04,440 [INFO] ✅ [Pipeline Lag] All cities updated within 10 minutes ✓
2026-03-05 13:33:04,473 [INFO] 🔍 Checking pipeline lag / data freshness...
2026-03-05 13:33:04,711 [INFO] ✅ [Pipeline Lag] All cities updated within 10 minutes ✓
2026-03-05 13:38:15,618 [INFO] 🔍 Pipeline Lag Monitor started — checking every 5 minutes
2026-03-05 13:38:15,619 [INFO] 🔍 Checking pipeline lag / data freshness...
2026-03-05 13:38:15,895 [CRITICAL] 🔴 [Pipeline Lag] No data in current_weather table!
2026-03-05 13:52:28,382 [INFO] 🔍 Pipeline Lag Monitor started — checking every 5 minutes
2026-03-05 13:52:28,383 [INFO] 🔍 Checking pipeline lag / data freshness...
2026-03-05 13:52:28,902 [CRITICAL] 🔴 [Pipeline Lag] No data in current_weather table!
2026-03-05 13:53:30,360 [INFO] 🔍 Pipeline Lag Monitor started — checking every 5 minutes
2026-03-05 13:53:30,360 [INFO] 🔍 Checking pipeline lag / data freshness...
2026-03-05 13:53:30,570 [CRITICAL] 🔴 [Pipeline Lag] No data in current_weather table!
2026-03-05 14:00:29,629 [INFO] 🔍 Pipeline Lag Monitor started — checking every 5 minutes
2026-03-05 14:00:29,629 [INFO] 🔍 Checking pipeline lag / data freshness...
2026-03-05 14:00:29,833 [CRITICAL] 🔴 [Pipeline Lag] No data in current_weather table!
2026-03-05 14:05:29,877 [INFO] 🔍 Checking pipeline lag / data freshness...
2026-03-05 14:05:30,141 [INFO] ✅ [Pipeline Lag] All cities updated within 10 minutes ✓
2026-03-05 14:10:30,249 [INFO] 🔍 Checking pipeline lag / data freshness...
2026-03-05 14:10:30,441 [INFO] ✅ [Pipeline Lag] All cities updated within 10 minutes ✓
2026-03-05 14:15:30,472 [INFO] 🔍 Checking pipeline lag / data freshness...
2026-03-05 14:15:30,709 [INFO] ✅ [Pipeline Lag] All cities updated within 10 minutes ✓
2026-03-05 14:20:30,750 [INFO] 🔍 Checking pipeline lag / data freshness...
2026-03-05 14:20:30,968 [INFO] ✅ [Pipeline Lag] All cities updated within 10 minutes ✓
2026-03-05 14:25:31,012 [INFO] 🔍 Checking pipeline lag / data freshness...
2026-03-05 14:25:31,273 [INFO] ✅ [Pipeline Lag] All cities updated within 10 minutes ✓
2026-03-05 14:30:31,312 [INFO] 🔍 Checking pipeline lag / data freshness...
2026-03-05 14:30:31,551 [INFO] ✅ [Pipeline Lag] All cities updated within 10 minutes ✓
2026-03-05 14:35:31,582 [INFO] 🔍 Checking pipeline lag / data freshness...
2026-03-05 14:35:31,814 [INFO] ✅ [Pipeline Lag] All cities updated within 10 minutes ✓
2026-03-05 14:40:47,930 [INFO] 🔍 Checking pipeline lag / data freshness...
2026-03-05 14:40:48,557 [INFO] ✅ [Pipeline Lag] All cities updated within 10 minutes ✓
2026-03-05 14:52:30,078 [INFO] 🔍 Checking pipeline lag / data freshness...
2026-03-05 14:52:30,559 [WARNING] ⚠️ [Pipeline Lag] Stale data: Abuja (12m ago), Kano (12m ago), Ibadan (12m ago), Port Harcourt (12m ago), Benin City (12m ago), Maiduguri (12m ago), Jos (12m ago), Enugu (12m ago), Kaduna (12m ago), Accra (12m ago), Nairobi (12m ago), Cape Town (12m ago), Johannesburg (12m ago), Cairo (12m ago), Addis Ababa (12m ago), Dakar (12m ago), Lagos (12m ago)
2026-03-05 14:52:31,838 [INFO] Email sent: ❌ Weather Pipeline Error
